<?xml version="1.0" encoding="UTF-8"?>
<!-- Generated by org.testng.reporters.JUnitXMLReporter -->
<testsuite hostname="ROB-PC" ignored="0" name="Regression suite" tests="4" failures="0" timestamp="03 Apr 2020 15:21:08 GMT" time="45.904" errors="0">
  <testcase name="verifyTitleTest" time="0.099" classname="com.nj.qa.testcases.LoginPageTest"/>
  <testcase name="getHomePageTitleTest" time="0.037" classname="com.nj.qa.testcases.HomePageTest"/>
  <testcase name="validCredentialsloginTest" time="1.489" classname="com.nj.qa.testcases.LoginPageTest"/>
  <testcase name="clickOnSoftwareTabTest" time="0.531" classname="com.nj.qa.testcases.HomePageTest"/>
</testsuite> <!-- Regression suite -->
