<?xml version="1.0" encoding="UTF-8"?>
<testng-results skipped="0" failed="0" ignored="0" total="2" passed="2">
  <reporter-output>
  </reporter-output>
  <suite name="Ninja Tutorial Regression Test" duration-ms="18769" started-at="2020-04-02T04:33:41Z" finished-at="2020-04-02T04:34:00Z">
    <groups>
    </groups>
    <test name="Regression suite" duration-ms="18769" started-at="2020-04-02T04:33:41Z" finished-at="2020-04-02T04:34:00Z">
      <class name="com.nj.qa.testcases.LoginPageTest">
        <test-method status="PASS" signature="setup()[pri:0, instance:com.nj.qa.testcases.LoginPageTest@1446bef]" name="setup" is-config="true" duration-ms="9023" started-at="2020-04-02T04:33:41Z" finished-at="2020-04-02T04:33:50Z">
          <reporter-output>
          </reporter-output>
        </test-method> <!-- setup -->
        <test-method status="PASS" signature="verifyTitleTest()[pri:1, instance:com.nj.qa.testcases.LoginPageTest@1446bef]" name="verifyTitleTest" duration-ms="98" started-at="2020-04-02T04:33:50Z" description="Verify title of Login Page" finished-at="2020-04-02T04:33:51Z">
          <reporter-output>
          </reporter-output>
        </test-method> <!-- verifyTitleTest -->
        <test-method status="PASS" signature="tearDown()[pri:0, instance:com.nj.qa.testcases.LoginPageTest@1446bef]" name="tearDown" is-config="true" duration-ms="608" started-at="2020-04-02T04:33:51Z" finished-at="2020-04-02T04:33:51Z">
          <reporter-output>
          </reporter-output>
        </test-method> <!-- tearDown -->
        <test-method status="PASS" signature="setup()[pri:0, instance:com.nj.qa.testcases.LoginPageTest@1446bef]" name="setup" is-config="true" duration-ms="6065" started-at="2020-04-02T04:33:51Z" finished-at="2020-04-02T04:33:57Z">
          <reporter-output>
          </reporter-output>
        </test-method> <!-- setup -->
        <test-method status="PASS" signature="validCredentialsloginTest()[pri:2, instance:com.nj.qa.testcases.LoginPageTest@1446bef]" name="validCredentialsloginTest" duration-ms="1569" started-at="2020-04-02T04:33:57Z" description="Verify User is able to login to application with Correct Username and Password" finished-at="2020-04-02T04:33:59Z">
          <reporter-output>
          </reporter-output>
        </test-method> <!-- validCredentialsloginTest -->
        <test-method status="PASS" signature="tearDown()[pri:0, instance:com.nj.qa.testcases.LoginPageTest@1446bef]" name="tearDown" is-config="true" duration-ms="1190" started-at="2020-04-02T04:33:59Z" finished-at="2020-04-02T04:34:00Z">
          <reporter-output>
          </reporter-output>
        </test-method> <!-- tearDown -->
      </class> <!-- com.nj.qa.testcases.LoginPageTest -->
    </test> <!-- Regression suite -->
  </suite> <!-- Ninja Tutorial Regression Test -->
</testng-results>
