<?xml version="1.0" encoding="UTF-8"?>
<testng-results skipped="0" failed="0" total="2" passed="2">
  <reporter-output>
  </reporter-output>
  <suite name="Default suite" duration-ms="21126" started-at="2020-04-03T15:19:12Z" finished-at="2020-04-03T15:19:33Z">
    <groups>
    </groups>
    <test name="Default test" duration-ms="21126" started-at="2020-04-03T15:19:12Z" finished-at="2020-04-03T15:19:33Z">
      <class name="com.nj.qa.testcases.HomePageTest">
        <test-method status="PASS" signature="setup()[pri:0, instance:com.nj.qa.testcases.HomePageTest@7686a7]" name="setup" is-config="true" duration-ms="10908" started-at="2020-04-03T11:19:12Z" finished-at="2020-04-03T11:19:22Z">
          <reporter-output>
          </reporter-output>
        </test-method> <!-- setup -->
        <test-method status="PASS" signature="getHomePageTitleTest()[pri:1, instance:com.nj.qa.testcases.HomePageTest@7686a7]" name="getHomePageTitleTest" duration-ms="62" started-at="2020-04-03T11:19:22Z" description="To verify title of Home Page" finished-at="2020-04-03T11:19:23Z">
          <reporter-output>
          </reporter-output>
        </test-method> <!-- getHomePageTitleTest -->
        <test-method status="PASS" signature="tearDown()[pri:0, instance:com.nj.qa.testcases.HomePageTest@7686a7]" name="tearDown" is-config="true" duration-ms="629" started-at="2020-04-03T11:19:23Z" finished-at="2020-04-03T11:19:23Z">
          <reporter-output>
          </reporter-output>
        </test-method> <!-- tearDown -->
        <test-method status="PASS" signature="setup()[pri:0, instance:com.nj.qa.testcases.HomePageTest@7686a7]" name="setup" is-config="true" duration-ms="8048" started-at="2020-04-03T11:19:23Z" finished-at="2020-04-03T11:19:31Z">
          <reporter-output>
          </reporter-output>
        </test-method> <!-- setup -->
        <test-method status="PASS" signature="clickOnSoftwareTabTest()[pri:2, instance:com.nj.qa.testcases.HomePageTest@7686a7]" name="clickOnSoftwareTabTest" duration-ms="462" started-at="2020-04-03T11:19:31Z" description="To verify click on Software tab" finished-at="2020-04-03T11:19:32Z">
          <reporter-output>
          </reporter-output>
        </test-method> <!-- clickOnSoftwareTabTest -->
        <test-method status="PASS" signature="tearDown()[pri:0, instance:com.nj.qa.testcases.HomePageTest@7686a7]" name="tearDown" is-config="true" duration-ms="941" started-at="2020-04-03T11:19:32Z" finished-at="2020-04-03T11:19:33Z">
          <reporter-output>
          </reporter-output>
        </test-method> <!-- tearDown -->
      </class> <!-- com.nj.qa.testcases.HomePageTest -->
    </test> <!-- Default test -->
  </suite> <!-- Default suite -->
</testng-results>
